
>>> Reading file co_opt.out <<<
Geometry optimization converged: No vibrational frequencies found

>>> Reading file co_bu.out <<<
HF orbital and kinetic energies (hartree):
MO     Energy         KE
1 -20.664572  29.202183
2 -11.365081  16.037627
3  -1.516372   2.867055
4  -0.802448   2.640178
5  -0.633698   1.982860
6  -0.633698   1.982860
7  -0.553981   1.584905
Crude VIE = 15.07 eV to doublet cation.

>>> Reading file co_ept1.out <<<
(minimum acceptable pole strength = 0.75)
MO   Energy    Method     PS
3 -1.52080  Koopmans  0.000
4 -0.73712    P3-3rd  0.915
5 -0.62073    P3-3rd  0.911
6 -0.62073    P3-3rd  0.911
7 -0.52020    P3-3rd  0.913
VIE = 14.16 eV to the doublet cation from P3-3rd theory.

>>> Reading file co_ept2.out <<<
(minimum acceptable pole strength = 0.75)
Orbital   Spin  Method  Energy     PS
      7  alpha  P3-3rd -1.0107  0.941
      6   beta  P3-3rd -1.0139  0.893
Second IE = 27.50 eV to the singlet dication from P3-3rd theory.
Estimated VIE2 = 41.66 eV from (P3-3rd + P3-3rd) theory.

>>> Reading file co_cc.out <<<
CCSD(T) = -113.155562 for neutral molecule

>>> Reading file co_cc1hi.out <<<
CCSD(T) = -112.380827 for quartet ion

>>> Reading file co_cc1lo.out <<<
CCSD(T) = -112.643427 for doublet ion

>>> Reading file co_cc2hi.out <<<
CCSD(T) = -111.632350 for triplet dication

>>> Reading file co_cc2lo.out <<<
CCSD(T) = -111.622603 for singlet dication

VIE = 13.94 eV to doublet cation from CCSD(T)
VIE2 = 41.45 eV to triplet dication from CCSD(T)
Taking binding energies from EPT calculation.
Combining any nearly degenerate orbitals: threshold = (0.05 eV or 0.10%)
Taking threshold energy from CCSD(T) calculation.
#MO	B/eV	U/eV	N	Q	DblIon	Special	Remarks
1	562.31	794.63	2	1	Yes	none	Koopmans
2	309.26	436.41	2	1	Yes	none	Koopmans
3	41.38	78.02	2	1	No	none	Koopmans
4	20.06	71.84	2	1	No	none	P3-3rd
5	16.89	53.96	4	1	No	none	P3-3rd
7	13.94	43.13	2	1	No	none	CCSD(T)

BUN data file co.bun written and closed.
