
>>> Reading file cs_opt.out <<<
Geometry optimization converged: local minimum with nimag = 0

>>> Reading file cs_bu.out <<<
HF orbital and kinetic energies (hartree):
MO     Energy          KE Special
 1 -92.003046  121.165463    none
 2 -11.360101   16.047279    none
 3  -9.009428   18.711002    none
 4  -6.690882   17.583967    none
 5  -6.688846   17.587915    none
 6  -6.688846   17.587915    none
 7  -1.102122    2.176276    none
 8  -0.693935    2.147840    none
 9  -0.472613    1.628989    none
10  -0.461147    1.498983    none
11  -0.461147    1.498983    none
Crude VIE = 12.55 eV to doublet cation.

>>> Reading file cs_bupp.out <<<
ECP (pseudopotential) replaced 10 electrons.
HF/ECP orbital and kinetic energies (hartree):
MO     Energy         KE Special
 6 -11.361723  16.047626    none
 7  -1.106090   0.882671    none
 8  -0.694859   1.077748    none
 9  -0.472519   1.220255    none
10  -0.461089   0.735152    none
11  -0.461089   0.735152    none
(1 light-atom core orbitals remain)
Orbitals re-labeled, based mostly upon Mulliken populations:
MO     Energy         KE Special
 2 -11.361723  16.047626    none
 7  -1.106090   0.882671    none
 8  -0.694859   1.077748    none
 9  -0.472519   1.220255    none
10  -0.461089   0.735152    none
11  -0.461089   0.735152    none
Crude VIE = 12.55 eV to doublet cation.

>>> Reading file cs_ept1.out <<<
(minimum acceptable pole strength = 0.75)
MO   Energy    Method     PS
 7 -1.10360  Koopmans  0.000
 8 -0.62833    P3-3rd  0.820
 9 -0.43008    P3-3rd  0.876
10 -0.46827    P3-3rd  0.914
11 -0.46827    P3-3rd  0.914
VIE = 11.70 eV to the doublet cation from P3-3rd theory.

>>> Reading file cs_ept2.out <<<
(minimum acceptable pole strength = 0.75)
Orbital   Spin  Method   Energy     PS
     11  alpha  P3-3rd -0.73752  0.879
     10   beta  P3-3rd -0.78204  0.930
Second IE = 20.07 eV to the singlet dication from P3-3rd theory.
Estimated VIE2 = 31.77 eV from (P3-3rd + P3-3rd) theory.

>>> Reading file cs_cc.out <<<
CCSD(T) = -435.695705 for neutral molecule

>>> Reading file cs_cc1hi.out <<<
CCSD(T) = -435.057335 for quartet ion

>>> Reading file cs_cc1lo.out <<<
CCSD(T) = -435.278916 for doublet ion

>>> Reading file cs_cc2hi.out <<<
CCSD(T) = -434.496703 for triplet dication

>>> Reading file cs_cc2lo.out <<<
CCSD(T) = -434.467090 for singlet dication

VIE = 11.34 eV to doublet cation from CCSD(T)
VIE2 = 32.63 eV to triplet dication from CCSD(T)
Taking kinetic energies from ECP calculation.
Taking binding energies from EPT calculation.
Combining any nearly degenerate orbitals: threshold = (0.05 eV or 0.10%)
Taking threshold energy from CCSD(T) calculation.
#MO	B/eV	U/eV	N	Q	DblIon	Special	Remarks
1	2503.53	3297.08	2	1	Yes	none	Koopmans
2	309.12	436.68	2	1	Yes	none	B Koopmans; U ECP
3	245.16	509.15	2	1	Yes	none	Koopmans
4	182.03	478.56	6	1	Yes	none	Koopmans
7	30.03	24.02	2	1	No	none	B Koopmans; U ECP
8	17.10	29.33	2	1	No	none	B P3-3rd; U ECP
9	11.34	33.20	2	1	No	none	B CCSD(T); U ECP
10	12.74	20.00	4	1	No	none	B P3-3rd; U ECP

BUN data file cs.bun written and closed.
