
>>> Reading file hoh_opt.out <<<
Geometry optimization converged: local minimum with nimag = 0

>>> Reading file hoh_bu.out <<<
HF orbital and kinetic energies (hartree):
MO     Energy         KE
1 -20.547467  29.200958
2  -1.336142   2.603826
3  -0.698695   1.752725
4  -0.571392   2.161118
5  -0.499242   2.289248
Crude VIE = 13.59 eV to doublet cation.

>>> Reading file hoh_ept1.out <<<
(minimum acceptable pole strength = 0.75)
MO   Energy    Method     PS
2 -1.35030  Koopmans  0.000
3 -0.68869    P3-3rd  0.942
4 -0.54066    P3-3rd  0.936
5 -0.45677    P3-3rd  0.933
VIE = 12.43 eV to the doublet cation from P3-3rd theory.

>>> Reading file hoh_ept2.out <<<
(minimum acceptable pole strength = 0.75)
Orbital   Spin  Method   Energy     PS
      5  alpha  P3-3rd -1.03840  0.928
      4   beta  P3-3rd -0.99178  0.936
Second IE = 26.99 eV to the triplet dication from P3-3rd theory.
Estimated VIE2 = 39.42 eV from (P3-3rd + P3-3rd) theory.

>>> Reading file hoh_cc.out <<<
CCSD(T) = -76.241202 for neutral molecule

>>> Reading file hoh_cc1hi.out <<<
CCSD(T) = -75.316166 for quartet ion

>>> Reading file hoh_cc1lo.out <<<
CCSD(T) = -75.803289 for doublet ion

>>> Reading file hoh_cc2hi.out <<<
CCSD(T) = -74.862995 for triplet dication

>>> Reading file hoh_cc2lo.out <<<
CCSD(T) = -74.756242 for singlet dication

VIE = 11.92 eV to doublet cation from CCSD(T)
VIE2 = 37.50 eV to triplet dication from CCSD(T)
Taking binding energies from EPT calculation.
Combining any nearly degenerate orbitals: threshold = (0.05 eV or 0.10%)
Taking threshold energy from CCSD(T) calculation.
#MO	B/eV	U/eV	N	Q	DblIon	Special	Remarks
1	559.13	794.60	2	1	Yes	none	Koopmans
2	36.74	70.85	2	1	No	none	Koopmans
3	18.74	47.69	2	1	No	none	P3-3rd
4	14.71	58.81	2	1	No	none	P3-3rd
5	11.92	62.29	2	1	No	none	CCSD(T)

BUN data file hoh.bun written and closed.
