
>>> Reading file cef4_opt.out <<<
Geometry optimization converged: local minimum with nimag = 0

>>> Reading file cef4_bu.out <<<
HF orbital and kinetic energies (hartree):
"Special" AO contribution threshold is 0.75
MO       Energy           KE Special
 1 -1492.203126  2375.502332    none
 2  -243.378761   495.728807    none
 3  -218.121546   388.838139    none
 4  -218.121546   388.838139    none
 5  -218.121546   388.838139    none
 6   -54.465114   142.918235      3s
 7   -46.192719   116.942408      3p
 8   -46.192719   116.942408      3p
 9   -46.192719   116.942408      3p
10   -34.290092   103.001383      3d
11   -34.290092   103.001383      3d
12   -34.290092   103.001383      3d
13   -34.289954   103.000899      3d
14   -34.289954   103.000899      3d
15   -26.302616    37.525731    none
16   -26.302615    37.525609    none
17   -26.302615    37.525609    none
18   -26.302615    37.525609    none
19   -12.032562    41.309407      4s
20    -9.200388    33.189891      4p
21    -9.200388    33.189891      4p
22    -9.200388    33.189891      4p
23    -4.964801    25.531939      4d
24    -4.964801    25.531939      4d
25    -4.964801    25.531939      4d
26    -4.962915    25.495023      4d
27    -4.962915    25.495023      4d
28    -2.073568     8.455563      5s
29    -1.593136     3.845154    none
30    -1.593136     3.845154    none
31    -1.593136     3.845154    none
32    -1.542257     4.385798    none
33    -1.211149     6.239081      5p
34    -1.211149     6.239081      5p
35    -1.211149     6.239081      5p
36    -0.676524     3.083337    none
37    -0.676524     3.083337    none
38    -0.676524     3.083337    none
39    -0.662510     2.861640    none
40    -0.662510     2.861640    none
41    -0.652372     3.628476    none
42    -0.640010     3.047189    none
43    -0.640010     3.047189    none
44    -0.640010     3.047189    none
45    -0.606333     3.733841    none
46    -0.606333     3.733841    none
47    -0.606333     3.733841    none
Crude VIE = 16.50 eV to doublet cation.

>>> Reading file cef4_bupp.out <<<
ECP (pseudopotential) replaced 28 electrons.
HF/ECP orbital and kinetic energies (hartree):
MO     Energy         KE Special
15 -26.272051  37.247916    none
16 -26.272050  37.247621    none
17 -26.272050  37.247621    none
18 -26.272050  37.247621    none
19 -12.572525   4.962562    none
20  -9.308955   6.582933    none
21  -9.308955   6.582933    none
22  -9.308955   6.582933    none
23  -5.058442  10.328778    none
24  -5.058442  10.328778    none
25  -5.058442  10.328778    none
26  -5.056296  10.316433    none
27  -5.056296  10.316433    none
28  -2.085696   2.447950    none
29  -1.581570   3.575879    none
30  -1.581570   3.575879    none
31  -1.581570   3.575879    none
32  -1.532510   3.989208    none
33  -1.192209   2.716523    none
34  -1.192209   2.716523    none
35  -1.192209   2.716523    none
36  -0.670060   2.925119    none
37  -0.670060   2.925119    none
38  -0.670060   2.925119    none
39  -0.655829   2.807230    none
40  -0.655829   2.807230    none
41  -0.647897   3.335955    none
42  -0.634130   3.052561    none
43  -0.634130   3.052561    none
44  -0.634130   3.052561    none
45  -0.599617   3.300214    none
46  -0.599617   3.300214    none
47  -0.599617   3.300214    none
(4 light-atom core orbitals remain)
Orbital ordering is consistent with cef4_bu.out
Crude VIE = 16.32 eV to doublet cation.

>>> Reading file cef4_ept1.out <<<
(minimum acceptable pole strength = 0.75)
MO   Energy    Method     PS
32 -1.59030  Koopmans  0.000
33 -1.59030  Koopmans  0.000
34 -1.59030  Koopmans  0.000
35 -1.54120  Koopmans  0.000
36 -0.61729    P3-3rd  0.942
37 -0.61729    P3-3rd  0.942
38 -0.61729    P3-3rd  0.942
39 -0.60154    P3-3rd  0.946
40 -0.60154    P3-3rd  0.946
41 -0.59263    P3-3rd  0.933
42 -0.57765    P3-3rd  0.942
43 -0.57765    P3-3rd  0.942
44 -0.57765    P3-3rd  0.942
45 -0.54853    P3-3rd  0.935
46 -0.54853    P3-3rd  0.935
47 -0.54853    P3-3rd  0.935
VIE = 14.93 eV to the doublet cation from P3-3rd theory.
*** Warning: Large difference of -1.57 eV between Koopmans and EPT VIE values ***
Orbitals re-labeled, based mostly upon Mulliken populations:
MO   Energy    Method     PS
30 -1.59030  Koopmans  0.000
29 -1.59030  Koopmans  0.000
31 -1.59030  Koopmans  0.000
32 -1.54120  Koopmans  0.000
36 -0.61729    P3-3rd  0.942
37 -0.61729    P3-3rd  0.942
38 -0.61729    P3-3rd  0.942
39 -0.60154    P3-3rd  0.946
40 -0.60154    P3-3rd  0.946
41 -0.59263    P3-3rd  0.933
42 -0.57765    P3-3rd  0.942
43 -0.57765    P3-3rd  0.942
44 -0.57765    P3-3rd  0.942
45 -0.54853    P3-3rd  0.935
46 -0.54853    P3-3rd  0.935
47 -0.54853    P3-3rd  0.935

>>> Reading file cef4_ept2.out <<<
(minimum acceptable pole strength = 0.75)
Orbital   Spin  Method   Energy     PS
     47  alpha  P3-3rd -0.79632  0.910
     46   beta  P3-3rd -0.75772  0.904
Second IE = 20.62 eV to the triplet dication from P3-3rd theory.
Estimated VIE2 = 35.54 eV from (P3-3rd + P3-3rd) theory.

>>> Reading file cef4_cc.out <<<
CCSD(T) = -872.909240 for neutral molecule

>>> Reading file cef4_cc1hi.out <<<
CCSD(T) = -872.177106 for quartet ion

>>> Reading file cef4_cc1lo.out <<<
CCSD(T) = -872.388196 for doublet ion

>>> Reading file cef4_cc2hi.out <<<
CCSD(T) = -871.634711 for triplet dication

>>> Reading file cef4_cc2lo.out <<<
CCSD(T) = -871.649391 for singlet dication

VIE = 14.18 eV to doublet cation from CCSD(T)
VIE2 = 34.28 eV to singlet dication from CCSD(T)
Taking kinetic energies from ECP calculation.
Taking binding energies from EPT calculation.
Combining any nearly degenerate orbitals: threshold = (0.05 eV or 0.10%)
Taking threshold energy from CCSD(T) calculation.
#MO	B/eV	U/eV	N	Q	DblIon	Special	Remarks
1	40604.92	64640.71	2	1	Yes	none	Koopmans
2	6622.67	13489.47	2	1	Yes	none	Koopmans
3	5935.39	10580.82	6	1	Yes	none	Koopmans
6	1482.07	3889.00	2	1	Yes	3s	Koopmans
7	1256.97	3182.17	6	1	Yes	3p	Koopmans
10	933.08	2802.81	10	1	Yes	3d	Koopmans
15	715.73	1013.56	8	1	Yes	none	B Koopmans; U ECP
19	327.42	135.04	2	1	Yes	none	B Koopmans; U ECP
20	250.36	179.13	6	1	Yes	none	B Koopmans; U ECP
23	135.10	281.06	6	1	Yes	none	B Koopmans; U ECP
26	135.05	280.72	4	1	Yes	none	B Koopmans; U ECP
28	56.42	66.61	2	1	Yes	none	B Koopmans; U ECP
29	43.27	97.30	6	1	Yes	none	B Koopmans; U ECP
32	41.94	108.55	2	1	Yes	none	B Koopmans; U ECP
33	32.96	73.92	6	1	No	none	B Koopmans; U ECP
36	16.80	79.60	6	1	No	none	B P3-3rd; U ECP
39	16.37	76.39	4	1	No	none	B P3-3rd; U ECP
41	16.13	90.78	2	1	No	none	B P3-3rd; U ECP
42	15.72	83.06	6	1	No	none	B P3-3rd; U ECP
45	14.18	89.80	6	1	No	none	B CCSD(T); U ECP

BUN data file cef4.bun written and closed.
