
>>> Reading file ZnEt2_opt.out <<<
Geometry optimization converged: local minimum with nimag = 0

>>> Reading file ZnEt2_bu.out <<<
HF orbital and kinetic energies (hartree):
"Special" AO contribution threshold is 0.75
MO      Energy          KE     Special
 1 -353.304307  435.482650  heavy_core
 2  -44.345190   83.510179  heavy_core
 3  -38.937076   82.131152  heavy_core
 4  -38.936923   82.131312  heavy_core
 5  -38.933467   82.145008  heavy_core
 6  -11.209363   16.024722        none
 7  -11.209363   16.024724        none
 8  -11.184707   16.025126        none
 9  -11.184701   16.025208        none
10   -5.632752   18.042797          3s
11   -3.840156   16.255062          3p
12   -3.839840   16.256810          3p
13   -3.836763   16.336947          3p
14   -0.994933    1.381686        none
15   -0.989989    1.267718        none
16   -0.832700    3.584234        none
17   -0.808106    1.319715        none
18   -0.789102   11.262206          3d
19   -0.788740   11.255271          3d
20   -0.784135   10.873838          3d
21   -0.783340   10.931229          3d
22   -0.750978    8.035056        none
23   -0.580659    0.881309        none
24   -0.576630    1.040830        none
25   -0.558105    1.149805        none
26   -0.555809    0.945881        none
27   -0.489841    1.163034        none
28   -0.487170    1.303049        none
29   -0.471254    1.016664        none
30   -0.467850    1.111970        none
31   -0.401157    1.596418        none
32   -0.336617    1.403446        none
Crude VIE = 9.16 eV to doublet cation.

>>> Reading file ZnEt2_bupp.out <<<
ECP (pseudopotential) replaced 10 electrons.
HF/ECP orbital and kinetic energies (hartree):
MO     Energy         KE Special
 6 -11.210037  16.024616    none
 7 -11.210037  16.024647    none
 8 -11.188969  16.025507    none
 9 -11.188963  16.025642    none
10  -5.914366   3.315140    none
11  -3.924041   5.658383    none
12  -3.923770   5.658911    none
13  -3.919176   5.682087    none
14  -0.996050   1.356664    none
15  -0.991182   1.260299    none
16  -0.831079   3.096287    none
17  -0.809265   1.259604    none
18  -0.776668  11.245779      3d
19  -0.776529  11.250660      3d
20  -0.773528  10.939520      3d
21  -0.772443  10.961102      3d
22  -0.743525   8.538683    none
23  -0.581780   0.880206    none
24  -0.577345   1.063479    none
25  -0.559007   1.129316    none
26  -0.556606   0.932093    none
27  -0.491318   1.158954    none
28  -0.488275   1.311138    none
29  -0.472632   1.016411    none
30  -0.468929   1.124471    none
31  -0.406966   1.228046    none
32  -0.339202   1.209025    none
(4 light-atom core orbitals remain)
Orbital ordering is consistent with ZnEt2_bu.out
Crude VIE = 9.23 eV to doublet cation.

>>> Reading file ZnEt2_ept1.out <<<
(minimum acceptable pole strength = 0.75)
MO   Energy    Method     PS
14 -0.99584  Koopmans  0.000
15 -0.99090  Koopmans  0.000
16 -0.83439  Koopmans  0.000
17 -0.71913    P3-3rd  0.855
18 -0.70797    P3-3rd  0.965
19 -0.79096  Koopmans  0.000
20 -0.70161    P3-3rd  0.960
21 -0.78651  Koopmans  0.000
22 -0.67124    P3-3rd  0.921
23 -0.53642    P3-3rd  0.901
24 -0.53214    P3-3rd  0.902
25 -0.51515    P3-3rd  0.903
26 -0.51320    P3-3rd  0.903
27 -0.45139    P3-3rd  0.900
28 -0.44807    P3-3rd  0.900
29 -0.43694    P3-3rd  0.911
30 -0.43302    P3-3rd  0.911
31 -0.37766    P3-3rd  0.910
32 -0.31356    P3-3rd  0.903
VIE = 8.53 eV to the doublet cation from P3-3rd theory.

>>> Reading file ZnEt2_ept2.out <<<
(minimum acceptable pole strength = 0.75)
Orbital   Spin  Method   Energy     PS
     32  alpha  P3-3rd -0.55301  0.833
     31   beta  P3-3rd -0.55043  0.928
Second IE = 14.98 eV to the triplet dication from P3-3rd theory.
Estimated VIE2 = 23.51 eV from (P3-3rd + P3-3rd) theory.

>>> Reading file ZnEt2_cc.out <<<
CCSD(T) = -1936.459097 for neutral molecule

>>> Reading file ZnEt2_cc1hi.out <<<
CCSD(T) = -1935.900826 for quartet ion

>>> Reading file ZnEt2_cc1lo.out <<<
CCSD(T) = -1936.139171 for doublet ion

>>> Reading file ZnEt2_cc2hi.out <<<
CCSD(T) = -1935.585061 for triplet dication

>>> Reading file ZnEt2_cc2lo.out <<<
CCSD(T) = -1935.593173 for singlet dication

VIE = 8.71 eV to doublet cation from CCSD(T)
VIE2 = 23.56 eV to singlet dication from CCSD(T)
Taking kinetic energies from ECP calculation.
Taking binding energies from EPT calculation.
Combining any nearly degenerate orbitals: threshold = (0.05 eV or 0.10%)
Taking threshold energy from CCSD(T) calculation.
#MO	B/eV	U/eV	N	Q	DblIon	Special	Remarks
1	9613.90	11850.09	2	1	Yes	heavy_core	Koopmans
2	1206.69	2272.43	2	1	Yes	heavy_core	Koopmans
3	1059.50	2235.03	6	1	Yes	heavy_core	Koopmans
7	305.02	436.05	4	1	Yes	none	B Koopmans; U ECP
8	304.35	436.08	4	1	Yes	none	B Koopmans; U ECP
10	153.27	90.21	2	1	Yes	none	B Koopmans; U ECP
11	104.49	153.98	4	1	Yes	none	B Koopmans; U ECP
13	104.40	154.62	2	1	Yes	none	B Koopmans; U ECP
14	27.10	36.92	2	1	Yes	none	B Koopmans; U ECP
15	26.96	34.29	2	1	Yes	none	B Koopmans; U ECP
16	22.70	84.25	2	1	No	none	B Koopmans; U ECP
17	19.57	34.28	2	1	No	none	B P3-3rd; U ECP
18	19.26	306.01	2	1	No	3d	B P3-3rd; U ECP
19	21.52	306.15	2	1	No	3d	B Koopmans; U ECP
20	19.09	297.68	2	1	No	3d	B P3-3rd; U ECP
21	21.40	298.27	2	1	No	3d	B Koopmans; U ECP
22	18.27	232.35	2	1	No	none	B P3-3rd; U ECP
23	14.60	23.95	2	1	No	none	B P3-3rd; U ECP
24	14.48	28.94	2	1	No	none	B P3-3rd; U ECP
25	14.02	30.73	2	1	No	none	B P3-3rd; U ECP
26	13.96	25.36	2	1	No	none	B P3-3rd; U ECP
27	12.28	31.54	2	1	No	none	B P3-3rd; U ECP
28	12.19	35.68	2	1	No	none	B P3-3rd; U ECP
29	11.89	27.66	2	1	No	none	B P3-3rd; U ECP
30	11.78	30.60	2	1	No	none	B P3-3rd; U ECP
31	10.28	33.42	2	1	No	none	B P3-3rd; U ECP
32	8.71	32.90	2	1	No	none	B CCSD(T); U ECP

BUN data file ZnEt2.bun written and closed.
